C:\Users\BSira\Documents\GitHub\DAAB-WAAS web site\helpers\_match_alley_of_honor_gallery.py:52: DeprecationWarning: Image.Image.getdata is deprecated and will be removed in Pillow 14 (2027-10-15). Use get_flattened_data instead.
  pixels = list(gray.getdata())
Gallery URLs: 71
Indexing local photos…
Local index: 931 files
Match 1/71… SKIP (no thumbnail)
Match 2/71… OK IMG_8068.jpg -> alley-of-honor-02.jpg (d=3)
Match 3/71… OK IMG_8080.jpg -> alley-of-honor-03.jpg (d=1)
Match 4/71… OK IMG_8088.jpg -> alley-of-honor-04.jpg (d=1)
Match 5/71… OK IMG_8081.jpg -> alley-of-honor-05.jpg (d=3)
Match 6/71… OK IMG_8096.jpg -> alley-of-honor-06.jpg (d=1)
Match 7/71… OK IMG_8091.jpg -> alley-of-honor-07.jpg (d=1)
Match 8/71… OK IMG_8101.jpg -> alley-of-honor-08.jpg (d=3)
Match 9/71… OK IMG_8097.jpg -> alley-of-honor-09.jpg (d=0)
Match 10/71… OK IMG_8108.jpg -> alley-of-honor-10.jpg (d=1)
Match 11/71… NO MATCH (best dist=17)
Match 12/71… OK IMG_8116.jpg -> alley-of-honor-12.jpg (d=1)
Match 13/71… OK IMG_8118.jpg -> alley-of-honor-13.jpg (d=0)
Match 14/71… OK IMG_8134.jpg -> alley-of-honor-14.jpg (d=1)
Match 15/71… OK IMG_8125.jpg -> alley-of-honor-15.jpg (d=0)
Match 16/71… OK IMG_8145.jpg -> alley-of-honor-16.jpg (d=1)
Match 17/71… OK IMG_8139.jpg -> alley-of-honor-17.jpg (d=12)
Match 18/71… OK IMG_8142.jpg -> alley-of-honor-18.jpg (d=2)
Match 19/71… OK IMG_8148.jpg -> alley-of-honor-19.jpg (d=1)
Match 20/71… OK IMG_8150.jpg -> alley-of-honor-20.jpg (d=3)
Match 21/71… OK IMG_8153.jpg -> alley-of-honor-21.jpg (d=1)
Match 22/71… NO MATCH (best dist=19)
Match 23/71… OK IMG_8166.jpg -> alley-of-honor-23.jpg (d=0)
Match 24/71… OK IMG_8167.jpg -> alley-of-honor-24.jpg (d=0)
Match 25/71… OK IMG_8171.jpg -> alley-of-honor-25.jpg (d=2)
Match 26/71… OK IMG_8173.jpg -> alley-of-honor-26.jpg (d=2)
Match 27/71… OK IMG_8175.jpg -> alley-of-honor-27.jpg (d=2)
Match 28/71… OK IMG_8179.jpg -> alley-of-honor-28.jpg (d=0)
Match 29/71… OK IMG_8181.jpg -> alley-of-honor-29.jpg (d=0)
Match 30/71… OK IMG_8183.jpg -> alley-of-honor-30.jpg (d=0)
Match 31/71… OK IMG_8184.jpg -> alley-of-honor-31.jpg (d=2)
Match 32/71… OK IMG_8185.jpg -> alley-of-honor-32.jpg (d=1)
Match 33/71… OK IMG_8188.jpg -> alley-of-honor-33.jpg (d=2)
Match 34/71… OK IMG_8190.jpg -> alley-of-honor-34.jpg (d=0)
Match 35/71… OK IMG_8192.jpg -> alley-of-honor-35.jpg (d=2)
Match 36/71… OK IMG_8193.jpg -> alley-of-honor-36.jpg (d=1)
Match 37/71… NO MATCH (best dist=18)
Match 38/71… OK IMG_8196.jpg -> alley-of-honor-38.jpg (d=1)
Match 39/71… OK IMG_8198.jpg -> alley-of-honor-39.jpg (d=3)
Match 40/71… OK IMG_8201.jpg -> alley-of-honor-40.jpg (d=0)
Match 41/71… OK IMG_8200.jpg -> alley-of-honor-41.jpg (d=1)
Match 42/71… OK IMG_8203.jpg -> alley-of-honor-42.jpg (d=2)
Match 43/71… OK IMG_8206.jpg -> alley-of-honor-43.jpg (d=1)
Match 44/71… OK IMG_8211.jpg -> alley-of-honor-44.jpg (d=0)
Match 45/71… OK IMG_8213.jpg -> alley-of-honor-45.jpg (d=1)
Match 46/71… OK IMG_8219.jpg -> alley-of-honor-46.jpg (d=0)
Match 47/71… NO MATCH (best dist=17)
Match 48/71… OK IMG_8225.jpg -> alley-of-honor-48.jpg (d=0)
Match 49/71… OK IMG_8227.jpg -> alley-of-honor-49.jpg (d=1)
Match 50/71… OK IMG_8230.jpg -> alley-of-honor-50.jpg (d=1)
Match 51/71… OK IMG_8233.jpg -> alley-of-honor-51.jpg (d=1)
Match 52/71… OK IMG_8235.jpg -> alley-of-honor-52.jpg (d=1)
Match 53/71… OK IMG_8236.jpg -> alley-of-honor-53.jpg (d=2)
Match 54/71… OK IMG_8237.jpg -> alley-of-honor-54.jpg (d=1)
Match 55/71… OK IMG_8238.jpg -> alley-of-honor-55.jpg (d=1)
Match 56/71… OK IMG_8239.jpg -> alley-of-honor-56.jpg (d=0)
Match 57/71… OK IMG_8242.jpg -> alley-of-honor-57.jpg (d=0)
Match 58/71… OK IMG_8244.jpg -> alley-of-honor-58.jpg (d=0)
Match 59/71… OK IMG_8245.jpg -> alley-of-honor-59.jpg (d=1)
Match 60/71… OK IMG_8246.jpg -> alley-of-honor-60.jpg (d=1)
Match 61/71… OK IMG_8247.jpg -> alley-of-honor-61.jpg (d=3)
Match 62/71… OK IMG_8249.jpg -> alley-of-honor-62.jpg (d=1)
Match 63/71… OK IMG_8287.jpg -> alley-of-honor-63.jpg (d=3)
Match 64/71… OK IMG_8252.jpg -> alley-of-honor-64.jpg (d=1)
Match 65/71… OK IMG_8255.jpg -> alley-of-honor-65.jpg (d=2)
Match 66/71… OK IMG_8257.jpg -> alley-of-honor-66.jpg (d=1)
Match 67/71… NO MATCH (best dist=17)
Match 68/71… OK IMG_8260.jpg -> alley-of-honor-68.jpg (d=0)
Match 69/71… OK IMG_8262.jpg -> alley-of-honor-69.jpg (d=1)
Match 70/71… OK IMG_8276.jpg -> alley-of-honor-70.jpg (d=2)
Match 71/71… OK IMG_8282.jpg -> alley-of-honor-71.jpg (d=2)

Done: 65/71 matched -> C:\Users\BSira\Documents\GitHub\DAAB-WAAS web site\images\photos-gallery\AlleyOfHonor
Manifest: C:\Users\BSira\Documents\GitHub\DAAB-WAAS web site\images\photos-gallery\AlleyOfHonor\_match-manifest.json
