Gallery URLs: 61
Indexing local photos…
Local index: 931 files
C:\Users\BSira\Documents\GitHub\DAAB-WAAS web site\helpers\_match_opening_day_gallery.py:51: DeprecationWarning: Image.Image.getdata is deprecated and will be removed in Pillow 14 (2027-10-15). Use get_flattened_data instead.
  pixels = list(gray.getdata())
Match 1/61… OK AB8A5670.jpg -> opening-day-01.jpg (d=14)
Match 2/61… OK IMG_8302.jpg -> opening-day-02.jpg (d=2)
Match 3/61… OK IMG_8318.jpg -> opening-day-03.jpg (d=1)
Match 4/61… OK IMG_8691.jpg -> opening-day-04.jpg (d=1)
Match 5/61… OK IMG_8713.jpg -> opening-day-05.jpg (d=1)
Match 6/61… OK IMG_8746.jpg -> opening-day-06.jpg (d=1)
Match 7/61… OK IMG_8747.jpg -> opening-day-07.jpg (d=1)
Match 8/61… OK IMG_8777.jpg -> opening-day-08.jpg (d=3)
Match 9/61… OK IMG_8788.jpg -> opening-day-09.jpg (d=3)
Match 10/61… OK IMG_8694.jpg -> opening-day-10.jpg (d=2)
Match 11/61… OK IMG_8794.jpg -> opening-day-11.jpg (d=2)
Match 12/61… OK IMG_8868.jpg -> opening-day-12.jpg (d=2)
Match 13/61… OK IMG_8875.jpg -> opening-day-13.jpg (d=0)
Match 14/61… OK IMG_8865.jpg -> opening-day-14.jpg (d=0)
Match 15/61… OK IMG_8872.jpg -> opening-day-15.jpg (d=0)
Match 16/61… OK IMG_8873.jpg -> opening-day-16.jpg (d=1)
Match 17/61… OK IMG_8878.jpg -> opening-day-17.jpg (d=0)
Match 18/61… OK IMG_8883.jpg -> opening-day-18.jpg (d=1)
Match 19/61… OK AB8A5434.jpg -> opening-day-19.jpg (d=17) (retry dist)
Match 20/61… OK IMG_8886.jpg -> opening-day-20.jpg (d=3)
Match 21/61… OK IMG_8863.jpg -> opening-day-21.jpg (d=2)
Match 22/61… OK IMG_8940.jpg -> opening-day-22.jpg (d=0)
Match 23/61… OK IMG_8343.jpg -> opening-day-23.jpg (d=0)
Match 24/61… OK IMG_8346.jpg -> opening-day-24.jpg (d=2)
Match 25/61… OK IMG_8355.jpg -> opening-day-25.jpg (d=0)
Match 26/61… OK IMG_8360.jpg -> opening-day-26.jpg (d=4)
Match 27/61… OK IMG_8362.jpg -> opening-day-27.jpg (d=2)
Match 28/61… OK IMG_8363.jpg -> opening-day-28.jpg (d=0)
Match 29/61… OK IMG_8366.jpg -> opening-day-29.jpg (d=1)
Match 30/61… OK IMG_8369.jpg -> opening-day-30.jpg (d=1)
Match 31/61… OK IMG_8371.jpg -> opening-day-31.jpg (d=1)
Match 32/61… OK IMG_8374.jpg -> opening-day-32.jpg (d=1)
Match 33/61… OK IMG_8380.jpg -> opening-day-33.jpg (d=1)
Match 34/61… OK IMG_8381.jpg -> opening-day-34.jpg (d=1)
Match 35/61… OK IMG_8384.jpg -> opening-day-35.jpg (d=2)
Match 36/61… OK IMG_8385.jpg -> opening-day-36.jpg (d=1)
Match 37/61… OK IMG_8387.jpg -> opening-day-37.jpg (d=2)
Match 38/61… OK IMG_8791.jpg -> opening-day-38.jpg (d=0)
Match 39/61… OK IMG_8806.jpg -> opening-day-39.jpg (d=0)
Match 40/61… OK IMG_8811.jpg -> opening-day-40.jpg (d=0)
Match 41/61… OK IMG_8815.jpg -> opening-day-41.jpg (d=2)
Match 42/61… OK IMG_8818.jpg -> opening-day-42.jpg (d=0)
Match 43/61… OK IMG_8825.jpg -> opening-day-43.jpg (d=1)
Match 44/61… OK IMG_8841.jpg -> opening-day-44.jpg (d=1)
Match 45/61… OK IMG_8901.jpg -> opening-day-45.jpg (d=0)
Match 46/61… OK IMG_8927.jpg -> opening-day-46.jpg (d=1)
Match 47/61… OK IMG_8928.jpg -> opening-day-47.jpg (d=0)
Match 48/61… OK IMG_8929.jpg -> opening-day-48.jpg (d=0)
Match 49/61… OK IMG_8932.jpg -> opening-day-49.jpg (d=0)
Match 50/61… OK IMG_8939.jpg -> opening-day-50.jpg (d=1)
Match 51/61… OK IMG_8936.jpg -> opening-day-51.jpg (d=1)
Match 52/61… OK IMG_8826.jpg -> opening-day-52.jpg (d=0)
Match 53/61… OK IMG_8843.jpg -> opening-day-53.jpg (d=1)
Match 54/61… OK IMG_8844.jpg -> opening-day-54.jpg (d=1)
Match 55/61… OK IMG_8848.jpg -> opening-day-55.jpg (d=0)
Match 56/61… OK IMG_8859.jpg -> opening-day-56.jpg (d=3)
Match 57/61… OK IMG_8856.jpg -> opening-day-57.jpg (d=0)
Match 58/61… OK IMG_8861.jpg -> opening-day-58.jpg (d=2)
Match 59/61… OK AB8A5733.jpg -> opening-day-59.jpg (d=16) (retry dist)
Match 60/61… OK IMG_8356.jpg -> opening-day-60.jpg (d=16) (retry dist)
Match 61/61… OK AB8A5320.jpg -> opening-day-61.jpg (d=15) (retry dist)

Done: 61/61 matched -> C:\Users\BSira\Documents\GitHub\DAAB-WAAS web site\images\photos-gallery\OpeningDay
Manifest: C:\Users\BSira\Documents\GitHub\DAAB-WAAS web site\images\photos-gallery\OpeningDay\_match-manifest.json
